<?xml version="1.0" encoding="UTF-8"?>
<testng-results skipped="0" failed="0" ignored="0" total="3" passed="3">
  <reporter-output>
  </reporter-output>
  <suite name="ClaimsPro" duration-ms="135494" started-at="2021-01-28T15:36:24Z" finished-at="2021-01-28T15:38:39Z">
    <groups>
    </groups>
    <test name="ClaimsProApplication" duration-ms="135494" started-at="2021-01-28T15:36:24Z" finished-at="2021-01-28T15:38:39Z">
      <class name="com.newclaimspro.testcases.CreatePAClaimTest">
        <test-method status="PASS" signature="setUp()[pri:0, instance:com.newclaimspro.testcases.CreatePAClaimTest@17c1bced]" name="setUp" is-config="true" duration-ms="11049" started-at="2021-01-28T15:36:39Z" finished-at="2021-01-28T15:36:50Z">
          <reporter-output>
          </reporter-output>
        </test-method> <!-- setUp -->
        <test-method status="PASS" signature="createPAClaim(java.lang.String, java.lang.String, java.lang.String, java.lang.String, java.lang.String, java.lang.String, java.lang.String, java.lang.String)[pri:1, instance:com.newclaimspro.testcases.CreatePAClaimTest@17c1bced]" name="createPAClaim" duration-ms="47016" started-at="2021-01-28T15:36:50Z" data-provider="getData" finished-at="2021-01-28T15:37:37Z">
          <params>
            <param index="0">
              <value>
                <![CDATA[12/19/2020]]>
              </value>
            </param>
            <param index="1">
              <value>
                <![CDATA[PA2000222]]>
              </value>
            </param>
            <param index="2">
              <value>
                <![CDATA[12/22/2020]]>
              </value>
            </param>
            <param index="3">
              <value>
                <![CDATA[Himanshu]]>
              </value>
            </param>
            <param index="4">
              <value>
                <![CDATA[Cellular]]>
              </value>
            </param>
            <param index="5">
              <value>
                <![CDATA[9907563556]]>
              </value>
            </param>
            <param index="6">
              <value>
                <![CDATA[Other]]>
              </value>
            </param>
            <param index="7">
              <value>
                <![CDATA[Other]]>
              </value>
            </param>
          </params>
          <reporter-output>
          </reporter-output>
        </test-method> <!-- createPAClaim -->
        <test-method status="PASS" signature="tearDown()[pri:0, instance:com.newclaimspro.testcases.CreatePAClaimTest@17c1bced]" name="tearDown" is-config="true" duration-ms="584" started-at="2021-01-28T15:37:37Z" finished-at="2021-01-28T15:37:38Z">
          <reporter-output>
          </reporter-output>
        </test-method> <!-- tearDown -->
        <test-method status="PASS" signature="setUp()[pri:0, instance:com.newclaimspro.testcases.CreatePAClaimTest@17c1bced]" name="setUp" is-config="true" duration-ms="11663" started-at="2021-01-28T15:37:38Z" finished-at="2021-01-28T15:37:49Z">
          <reporter-output>
          </reporter-output>
        </test-method> <!-- setUp -->
        <test-method status="PASS" signature="createPAClaim(java.lang.String, java.lang.String, java.lang.String, java.lang.String, java.lang.String, java.lang.String, java.lang.String, java.lang.String)[pri:1, instance:com.newclaimspro.testcases.CreatePAClaimTest@17c1bced]" name="createPAClaim" duration-ms="49888" started-at="2021-01-28T15:37:49Z" data-provider="getData" finished-at="2021-01-28T15:38:39Z">
          <params>
            <param index="0">
              <value>
                <![CDATA[12/21/2020]]>
              </value>
            </param>
            <param index="1">
              <value>
                <![CDATA[PA40000TEST]]>
              </value>
            </param>
            <param index="2">
              <value>
                <![CDATA[01/10/2021]]>
              </value>
            </param>
            <param index="3">
              <value>
                <![CDATA[Rohit]]>
              </value>
            </param>
            <param index="4">
              <value>
                <![CDATA[Cellular]]>
              </value>
            </param>
            <param index="5">
              <value>
                <![CDATA[9752624218]]>
              </value>
            </param>
            <param index="6">
              <value>
                <![CDATA[Other]]>
              </value>
            </param>
            <param index="7">
              <value>
                <![CDATA[Other]]>
              </value>
            </param>
          </params>
          <reporter-output>
          </reporter-output>
        </test-method> <!-- createPAClaim -->
        <test-method status="PASS" signature="tearDown()[pri:0, instance:com.newclaimspro.testcases.CreatePAClaimTest@17c1bced]" name="tearDown" is-config="true" duration-ms="96" started-at="2021-01-28T15:38:39Z" finished-at="2021-01-28T15:38:39Z">
          <reporter-output>
          </reporter-output>
        </test-method> <!-- tearDown -->
      </class> <!-- com.newclaimspro.testcases.CreatePAClaimTest -->
      <class name="com.newclaimspro.testcases.LoginTest">
        <test-method status="PASS" signature="setUp()[pri:0, instance:com.newclaimspro.testcases.LoginTest@2d9d4f9d]" name="setUp" is-config="true" duration-ms="11143" started-at="2021-01-28T15:36:24Z" finished-at="2021-01-28T15:36:35Z">
          <reporter-output>
          </reporter-output>
        </test-method> <!-- setUp -->
        <test-method status="PASS" signature="login()[pri:0, instance:com.newclaimspro.testcases.LoginTest@2d9d4f9d]" name="login" duration-ms="3292" started-at="2021-01-28T15:36:35Z" finished-at="2021-01-28T15:36:38Z">
          <reporter-output>
          </reporter-output>
        </test-method> <!-- login -->
      </class> <!-- com.newclaimspro.testcases.LoginTest -->
    </test> <!-- ClaimsProApplication -->
  </suite> <!-- ClaimsPro -->
</testng-results>
