<?xml version="1.0" encoding="UTF-8"?>
<!-- Generated by org.testng.reporters.JUnitXMLReporter -->
<testsuite hostname="INLT1716" ignored="0" name="Default test" tests="2" failures="0" timestamp="17 Jan 2021 15:58:54 GMT" time="115.137" errors="0">
  <testcase name="createPAClaim" time="45.564" classname="com.newclaimspro.testcases.CreatePAClaimTest"/>
  <testcase name="createPAClaim" time="45.533" classname="com.newclaimspro.testcases.CreatePAClaimTest"/>
</testsuite> <!-- Default test -->
