<?xml version="1.0" encoding="UTF-8"?>
<!-- Generated by org.testng.reporters.JUnitXMLReporter -->
<testsuite hostname="INLT1716" ignored="0" name="ClaimsProApplication" tests="3" failures="0" timestamp="28 Jan 2021 15:38:39 GMT" time="135.494" errors="0">
  <testcase name="login" time="3.292" classname="com.newclaimspro.testcases.LoginTest"/>
  <testcase name="createPAClaim" time="47.016" classname="com.newclaimspro.testcases.CreatePAClaimTest"/>
  <testcase name="createPAClaim" time="49.888" classname="com.newclaimspro.testcases.CreatePAClaimTest"/>
</testsuite> <!-- ClaimsProApplication -->
